c:\users\víctor\downloads\actividad 4\project\activitat4\debug\vc140.pdb
c:\users\víctor\downloads\actividad 4\project\activitat4\debug\vc140.idb
c:\users\víctor\downloads\actividad 4\project\activitat4\debug\sdl2_rotozoom.obj
c:\users\víctor\downloads\actividad 4\project\activitat4\debug\sdl2_gfxprimitives.obj
c:\users\víctor\downloads\actividad 4\project\activitat4\debug\sdl_fontcache.obj
c:\users\víctor\downloads\actividad 4\project\activitat4\debug\minerownedstates.obj
c:\users\víctor\downloads\actividad 4\project\activitat4\debug\miner.obj
c:\users\víctor\downloads\actividad 4\project\activitat4\debug\gridutils.obj
c:\users\víctor\downloads\actividad 4\project\activitat4\debug\graphutils.obj
c:\users\víctor\downloads\actividad 4\project\activitat4\debug\gamecontrollersingleton.obj
c:\users\víctor\downloads\actividad 4\project\activitat4\debug\flowobstacle.obj
c:\users\víctor\downloads\actividad 4\project\activitat4\debug\flowfield.obj
c:\users\víctor\downloads\actividad 4\project\activitat4\debug\statictexture.obj
c:\users\víctor\downloads\actividad 4\project\activitat4\debug\basestate.obj
c:\users\víctor\downloads\actividad 4\project\activitat4\debug\dynamicgridutils.obj
c:\users\víctor\downloads\actividad 4\project\activitat4\debug\decisiontreerealtime.obj
c:\users\víctor\downloads\actividad 4\project\activitat4\debug\decisiontreeinteractive.obj
c:\users\víctor\downloads\actividad 4\project\activitat4\debug\decisiontree.obj
c:\users\víctor\downloads\actividad 4\project\activitat4\debug\cleanerrobotenergy.obj
c:\users\víctor\downloads\actividad 4\project\activitat4\debug\cleanerrobotclean.obj
c:\users\víctor\downloads\actividad 4\project\activitat4\debug\pointerfsm.obj
c:\users\víctor\downloads\actividad 4\project\activitat4\debug\los_obstacle.obj
c:\users\víctor\downloads\actividad 4\project\activitat4\debug\enemymacros.obj
c:\users\víctor\downloads\actividad 4\project\activitat4\debug\area.obj
c:\users\víctor\downloads\actividad 4\project\activitat4\debug\workermacros.obj
c:\users\víctor\downloads\actividad 4\project\activitat4\debug\visibilityutils.obj
c:\users\víctor\downloads\actividad 4\project\activitat4\debug\steeringgroup.obj
c:\users\víctor\downloads\actividad 4\project\activitat4\debug\statemachine.obj
c:\users\víctor\downloads\actividad 4\project\activitat4\debug\soldiermacros.obj
c:\users\víctor\downloads\actividad 4\project\activitat4\debug\constants.obj
c:\users\víctor\downloads\actividad 4\project\activitat4\debug\minermacros.obj
c:\users\víctor\downloads\actividad 4\project\activitat4\debug\navmeshutils.obj
c:\users\víctor\downloads\actividad 4\project\activitat4\debug\minersimplepointer.obj
c:\users\víctor\downloads\actividad 4\project\activitat4\debug\minerpointer.obj
c:\users\víctor\downloads\actividad 4\project\activitat4\debug\activitat4.tlog\cl.command.1.tlog
c:\users\víctor\downloads\actividad 4\project\activitat4\debug\activitat4.tlog\cl.read.1.tlog
c:\users\víctor\downloads\actividad 4\project\activitat4\debug\activitat4.tlog\cl.write.1.tlog
